<?xml version='1.0' encoding='utf-8'?>
<testsuites name="test_communication.test_publisher_subscriber__rclpy__rmw_opendds_cpp__rmw_fastrtps_cpp_Debug" tests="24" failures="24" errors="0" time="120.089"><testsuite name="test_communication.test_publisher_subscriber__rclpy__rmw_opendds_cpp__rmw_fastrtps_cpp_Debug.launch_tests[Arrays]" tests="2" failures="2" errors="0" skipped="0" time="10.008"><testcase classname="test_communication.TestPublisherSubscriber" name="test_subscriber_terminates_in_a_finite_amount_of_time[Arrays]" time="10.006"><failure message="Traceback (most recent call last):&#10;  File &quot;/opt/workspace/build/test_communication/test_publisher_subscriber__rclpy__rmw_opendds_cpp__rmw_fastrtps_cpp_Debug.py&quot;, line 66, in test_subscriber_terminates_in_a_finite_amount_of_time&#10;    proc_info.assertWaitForShutdown(process=subscriber_process, timeout=10)&#10;  File &quot;/opt/ros/foxy/lib/python3.8/site-packages/launch_testing/proc_info_handler.py&quot;, line 144, in assertWaitForShutdown&#10;    assert success, &quot;Timed out waiting for process '{}' to finish&quot;.format(process)&#10;AssertionError: Timed out waiting for process '&lt;launch.actions.execute_process.ExecuteProcess object at 0x7f27dc6fb6d0&gt;' to finish&#10;" /></testcase><testcase classname="test_communication.TestPublisherSubscriberAfterShutdown" name="test_processes_finished_gracefully[Arrays]" time="0.002"><failure message="Traceback (most recent call last):&#10;  File &quot;/opt/workspace/build/test_communication/test_publisher_subscriber__rclpy__rmw_opendds_cpp__rmw_fastrtps_cpp_Debug.py&quot;, line 79, in test_processes_finished_gracefully&#10;    launch_testing.asserts.assertExitCodes(&#10;  File &quot;/opt/ros/foxy/lib/python3.8/site-packages/launch_testing/asserts/assert_exit_codes.py&quot;, line 62, in assertExitCodes&#10;    assert info.returncode in allowable_exit_codes, 'Proc {} exited with code {}'.format(&#10;AssertionError: Proc test_publisher-1 exited with code -11&#10;" /></testcase></testsuite><testsuite name="test_communication.test_publisher_subscriber__rclpy__rmw_opendds_cpp__rmw_fastrtps_cpp_Debug.launch_tests[BasicTypes]" tests="2" failures="2" errors="0" skipped="0" time="10.01"><testcase classname="test_communication.TestPublisherSubscriber" name="test_subscriber_terminates_in_a_finite_amount_of_time[BasicTypes]" time="10.008"><failure message="Traceback (most recent call last):&#10;  File &quot;/opt/workspace/build/test_communication/test_publisher_subscriber__rclpy__rmw_opendds_cpp__rmw_fastrtps_cpp_Debug.py&quot;, line 66, in test_subscriber_terminates_in_a_finite_amount_of_time&#10;    proc_info.assertWaitForShutdown(process=subscriber_process, timeout=10)&#10;  File &quot;/opt/ros/foxy/lib/python3.8/site-packages/launch_testing/proc_info_handler.py&quot;, line 144, in assertWaitForShutdown&#10;    assert success, &quot;Timed out waiting for process '{}' to finish&quot;.format(process)&#10;AssertionError: Timed out waiting for process '&lt;launch.actions.execute_process.ExecuteProcess object at 0x7f27dae776d0&gt;' to finish&#10;" /></testcase><testcase classname="test_communication.TestPublisherSubscriberAfterShutdown" name="test_processes_finished_gracefully[BasicTypes]" time="0.002"><failure message="Traceback (most recent call last):&#10;  File &quot;/opt/workspace/build/test_communication/test_publisher_subscriber__rclpy__rmw_opendds_cpp__rmw_fastrtps_cpp_Debug.py&quot;, line 79, in test_processes_finished_gracefully&#10;    launch_testing.asserts.assertExitCodes(&#10;  File &quot;/opt/ros/foxy/lib/python3.8/site-packages/launch_testing/asserts/assert_exit_codes.py&quot;, line 62, in assertExitCodes&#10;    assert info.returncode in allowable_exit_codes, 'Proc {} exited with code {}'.format(&#10;AssertionError: Proc test_publisher-3 exited with code -11&#10;" /></testcase></testsuite><testsuite name="test_communication.test_publisher_subscriber__rclpy__rmw_opendds_cpp__rmw_fastrtps_cpp_Debug.launch_tests[BoundedSequences]" tests="2" failures="2" errors="0" skipped="0" time="10.007"><testcase classname="test_communication.TestPublisherSubscriber" name="test_subscriber_terminates_in_a_finite_amount_of_time[BoundedSequences]" time="10.005"><failure message="Traceback (most recent call last):&#10;  File &quot;/opt/workspace/build/test_communication/test_publisher_subscriber__rclpy__rmw_opendds_cpp__rmw_fastrtps_cpp_Debug.py&quot;, line 66, in test_subscriber_terminates_in_a_finite_amount_of_time&#10;    proc_info.assertWaitForShutdown(process=subscriber_process, timeout=10)&#10;  File &quot;/opt/ros/foxy/lib/python3.8/site-packages/launch_testing/proc_info_handler.py&quot;, line 144, in assertWaitForShutdown&#10;    assert success, &quot;Timed out waiting for process '{}' to finish&quot;.format(process)&#10;AssertionError: Timed out waiting for process '&lt;launch.actions.execute_process.ExecuteProcess object at 0x7f27dae019a0&gt;' to finish&#10;" /></testcase><testcase classname="test_communication.TestPublisherSubscriberAfterShutdown" name="test_processes_finished_gracefully[BoundedSequences]" time="0.002"><failure message="Traceback (most recent call last):&#10;  File &quot;/opt/workspace/build/test_communication/test_publisher_subscriber__rclpy__rmw_opendds_cpp__rmw_fastrtps_cpp_Debug.py&quot;, line 79, in test_processes_finished_gracefully&#10;    launch_testing.asserts.assertExitCodes(&#10;  File &quot;/opt/ros/foxy/lib/python3.8/site-packages/launch_testing/asserts/assert_exit_codes.py&quot;, line 62, in assertExitCodes&#10;    assert info.returncode in allowable_exit_codes, 'Proc {} exited with code {}'.format(&#10;AssertionError: Proc test_publisher-5 exited with code -11&#10;" /></testcase></testsuite><testsuite name="test_communication.test_publisher_subscriber__rclpy__rmw_opendds_cpp__rmw_fastrtps_cpp_Debug.launch_tests[Builtins]" tests="2" failures="2" errors="0" skipped="0" time="10.005"><testcase classname="test_communication.TestPublisherSubscriber" name="test_subscriber_terminates_in_a_finite_amount_of_time[Builtins]" time="10.003"><failure message="Traceback (most recent call last):&#10;  File &quot;/opt/workspace/build/test_communication/test_publisher_subscriber__rclpy__rmw_opendds_cpp__rmw_fastrtps_cpp_Debug.py&quot;, line 66, in test_subscriber_terminates_in_a_finite_amount_of_time&#10;    proc_info.assertWaitForShutdown(process=subscriber_process, timeout=10)&#10;  File &quot;/opt/ros/foxy/lib/python3.8/site-packages/launch_testing/proc_info_handler.py&quot;, line 144, in assertWaitForShutdown&#10;    assert success, &quot;Timed out waiting for process '{}' to finish&quot;.format(process)&#10;AssertionError: Timed out waiting for process '&lt;launch.actions.execute_process.ExecuteProcess object at 0x7f27dae18e50&gt;' to finish&#10;" /></testcase><testcase classname="test_communication.TestPublisherSubscriberAfterShutdown" name="test_processes_finished_gracefully[Builtins]" time="0.002"><failure message="Traceback (most recent call last):&#10;  File &quot;/opt/workspace/build/test_communication/test_publisher_subscriber__rclpy__rmw_opendds_cpp__rmw_fastrtps_cpp_Debug.py&quot;, line 79, in test_processes_finished_gracefully&#10;    launch_testing.asserts.assertExitCodes(&#10;  File &quot;/opt/ros/foxy/lib/python3.8/site-packages/launch_testing/asserts/assert_exit_codes.py&quot;, line 62, in assertExitCodes&#10;    assert info.returncode in allowable_exit_codes, 'Proc {} exited with code {}'.format(&#10;AssertionError: Proc test_publisher-7 exited with code -11&#10;" /></testcase></testsuite><testsuite name="test_communication.test_publisher_subscriber__rclpy__rmw_opendds_cpp__rmw_fastrtps_cpp_Debug.launch_tests[Constants]" tests="2" failures="2" errors="0" skipped="0" time="10.009"><testcase classname="test_communication.TestPublisherSubscriber" name="test_subscriber_terminates_in_a_finite_amount_of_time[Constants]" time="10.007"><failure message="Traceback (most recent call last):&#10;  File &quot;/opt/workspace/build/test_communication/test_publisher_subscriber__rclpy__rmw_opendds_cpp__rmw_fastrtps_cpp_Debug.py&quot;, line 66, in test_subscriber_terminates_in_a_finite_amount_of_time&#10;    proc_info.assertWaitForShutdown(process=subscriber_process, timeout=10)&#10;  File &quot;/opt/ros/foxy/lib/python3.8/site-packages/launch_testing/proc_info_handler.py&quot;, line 144, in assertWaitForShutdown&#10;    assert success, &quot;Timed out waiting for process '{}' to finish&quot;.format(process)&#10;AssertionError: Timed out waiting for process '&lt;launch.actions.execute_process.ExecuteProcess object at 0x7f27dae37880&gt;' to finish&#10;" /></testcase><testcase classname="test_communication.TestPublisherSubscriberAfterShutdown" name="test_processes_finished_gracefully[Constants]" time="0.002"><failure message="Traceback (most recent call last):&#10;  File &quot;/opt/workspace/build/test_communication/test_publisher_subscriber__rclpy__rmw_opendds_cpp__rmw_fastrtps_cpp_Debug.py&quot;, line 79, in test_processes_finished_gracefully&#10;    launch_testing.asserts.assertExitCodes(&#10;  File &quot;/opt/ros/foxy/lib/python3.8/site-packages/launch_testing/asserts/assert_exit_codes.py&quot;, line 62, in assertExitCodes&#10;    assert info.returncode in allowable_exit_codes, 'Proc {} exited with code {}'.format(&#10;AssertionError: Proc test_publisher-9 exited with code -11&#10;" /></testcase></testsuite><testsuite name="test_communication.test_publisher_subscriber__rclpy__rmw_opendds_cpp__rmw_fastrtps_cpp_Debug.launch_tests[Defaults]" tests="2" failures="2" errors="0" skipped="0" time="10.005"><testcase classname="test_communication.TestPublisherSubscriber" name="test_subscriber_terminates_in_a_finite_amount_of_time[Defaults]" time="10.003"><failure message="Traceback (most recent call last):&#10;  File &quot;/opt/workspace/build/test_communication/test_publisher_subscriber__rclpy__rmw_opendds_cpp__rmw_fastrtps_cpp_Debug.py&quot;, line 66, in test_subscriber_terminates_in_a_finite_amount_of_time&#10;    proc_info.assertWaitForShutdown(process=subscriber_process, timeout=10)&#10;  File &quot;/opt/ros/foxy/lib/python3.8/site-packages/launch_testing/proc_info_handler.py&quot;, line 144, in assertWaitForShutdown&#10;    assert success, &quot;Timed out waiting for process '{}' to finish&quot;.format(process)&#10;AssertionError: Timed out waiting for process '&lt;launch.actions.execute_process.ExecuteProcess object at 0x7f27dadd23d0&gt;' to finish&#10;" /></testcase><testcase classname="test_communication.TestPublisherSubscriberAfterShutdown" name="test_processes_finished_gracefully[Defaults]" time="0.002"><failure message="Traceback (most recent call last):&#10;  File &quot;/opt/workspace/build/test_communication/test_publisher_subscriber__rclpy__rmw_opendds_cpp__rmw_fastrtps_cpp_Debug.py&quot;, line 79, in test_processes_finished_gracefully&#10;    launch_testing.asserts.assertExitCodes(&#10;  File &quot;/opt/ros/foxy/lib/python3.8/site-packages/launch_testing/asserts/assert_exit_codes.py&quot;, line 62, in assertExitCodes&#10;    assert info.returncode in allowable_exit_codes, 'Proc {} exited with code {}'.format(&#10;AssertionError: Proc test_publisher-11 exited with code -11&#10;" /></testcase></testsuite><testsuite name="test_communication.test_publisher_subscriber__rclpy__rmw_opendds_cpp__rmw_fastrtps_cpp_Debug.launch_tests[Empty]" tests="2" failures="2" errors="0" skipped="0" time="10.007"><testcase classname="test_communication.TestPublisherSubscriber" name="test_subscriber_terminates_in_a_finite_amount_of_time[Empty]" time="10.002"><failure message="Traceback (most recent call last):&#10;  File &quot;/opt/workspace/build/test_communication/test_publisher_subscriber__rclpy__rmw_opendds_cpp__rmw_fastrtps_cpp_Debug.py&quot;, line 66, in test_subscriber_terminates_in_a_finite_amount_of_time&#10;    proc_info.assertWaitForShutdown(process=subscriber_process, timeout=10)&#10;  File &quot;/opt/ros/foxy/lib/python3.8/site-packages/launch_testing/proc_info_handler.py&quot;, line 144, in assertWaitForShutdown&#10;    assert success, &quot;Timed out waiting for process '{}' to finish&quot;.format(process)&#10;AssertionError: Timed out waiting for process '&lt;launch.actions.execute_process.ExecuteProcess object at 0x7f27dade9ee0&gt;' to finish&#10;" /></testcase><testcase classname="test_communication.TestPublisherSubscriberAfterShutdown" name="test_processes_finished_gracefully[Empty]" time="0.004"><failure message="Traceback (most recent call last):&#10;  File &quot;/opt/workspace/build/test_communication/test_publisher_subscriber__rclpy__rmw_opendds_cpp__rmw_fastrtps_cpp_Debug.py&quot;, line 79, in test_processes_finished_gracefully&#10;    launch_testing.asserts.assertExitCodes(&#10;  File &quot;/opt/ros/foxy/lib/python3.8/site-packages/launch_testing/asserts/assert_exit_codes.py&quot;, line 62, in assertExitCodes&#10;    assert info.returncode in allowable_exit_codes, 'Proc {} exited with code {}'.format(&#10;AssertionError: Proc test_publisher-13 exited with code -11&#10;" /></testcase></testsuite><testsuite name="test_communication.test_publisher_subscriber__rclpy__rmw_opendds_cpp__rmw_fastrtps_cpp_Debug.launch_tests[MultiNested]" tests="2" failures="2" errors="0" skipped="0" time="10.01"><testcase classname="test_communication.TestPublisherSubscriber" name="test_subscriber_terminates_in_a_finite_amount_of_time[MultiNested]" time="10.008"><failure message="Traceback (most recent call last):&#10;  File &quot;/opt/workspace/build/test_communication/test_publisher_subscriber__rclpy__rmw_opendds_cpp__rmw_fastrtps_cpp_Debug.py&quot;, line 66, in test_subscriber_terminates_in_a_finite_amount_of_time&#10;    proc_info.assertWaitForShutdown(process=subscriber_process, timeout=10)&#10;  File &quot;/opt/ros/foxy/lib/python3.8/site-packages/launch_testing/proc_info_handler.py&quot;, line 144, in assertWaitForShutdown&#10;    assert success, &quot;Timed out waiting for process '{}' to finish&quot;.format(process)&#10;AssertionError: Timed out waiting for process '&lt;launch.actions.execute_process.ExecuteProcess object at 0x7f27dad83820&gt;' to finish&#10;" /></testcase><testcase classname="test_communication.TestPublisherSubscriberAfterShutdown" name="test_processes_finished_gracefully[MultiNested]" time="0.002"><failure message="Traceback (most recent call last):&#10;  File &quot;/opt/workspace/build/test_communication/test_publisher_subscriber__rclpy__rmw_opendds_cpp__rmw_fastrtps_cpp_Debug.py&quot;, line 79, in test_processes_finished_gracefully&#10;    launch_testing.asserts.assertExitCodes(&#10;  File &quot;/opt/ros/foxy/lib/python3.8/site-packages/launch_testing/asserts/assert_exit_codes.py&quot;, line 62, in assertExitCodes&#10;    assert info.returncode in allowable_exit_codes, 'Proc {} exited with code {}'.format(&#10;AssertionError: Proc test_publisher-15 exited with code -11&#10;" /></testcase></testsuite><testsuite name="test_communication.test_publisher_subscriber__rclpy__rmw_opendds_cpp__rmw_fastrtps_cpp_Debug.launch_tests[Nested]" tests="2" failures="2" errors="0" skipped="0" time="10.007"><testcase classname="test_communication.TestPublisherSubscriber" name="test_subscriber_terminates_in_a_finite_amount_of_time[Nested]" time="10.006"><failure message="Traceback (most recent call last):&#10;  File &quot;/opt/workspace/build/test_communication/test_publisher_subscriber__rclpy__rmw_opendds_cpp__rmw_fastrtps_cpp_Debug.py&quot;, line 66, in test_subscriber_terminates_in_a_finite_amount_of_time&#10;    proc_info.assertWaitForShutdown(process=subscriber_process, timeout=10)&#10;  File &quot;/opt/ros/foxy/lib/python3.8/site-packages/launch_testing/proc_info_handler.py&quot;, line 144, in assertWaitForShutdown&#10;    assert success, &quot;Timed out waiting for process '{}' to finish&quot;.format(process)&#10;AssertionError: Timed out waiting for process '&lt;launch.actions.execute_process.ExecuteProcess object at 0x7f27dada41c0&gt;' to finish&#10;" /></testcase><testcase classname="test_communication.TestPublisherSubscriberAfterShutdown" name="test_processes_finished_gracefully[Nested]" time="0.002"><failure message="Traceback (most recent call last):&#10;  File &quot;/opt/workspace/build/test_communication/test_publisher_subscriber__rclpy__rmw_opendds_cpp__rmw_fastrtps_cpp_Debug.py&quot;, line 79, in test_processes_finished_gracefully&#10;    launch_testing.asserts.assertExitCodes(&#10;  File &quot;/opt/ros/foxy/lib/python3.8/site-packages/launch_testing/asserts/assert_exit_codes.py&quot;, line 62, in assertExitCodes&#10;    assert info.returncode in allowable_exit_codes, 'Proc {} exited with code {}'.format(&#10;AssertionError: Proc test_publisher-17 exited with code -11&#10;" /></testcase></testsuite><testsuite name="test_communication.test_publisher_subscriber__rclpy__rmw_opendds_cpp__rmw_fastrtps_cpp_Debug.launch_tests[Strings]" tests="2" failures="2" errors="0" skipped="0" time="10.006"><testcase classname="test_communication.TestPublisherSubscriber" name="test_subscriber_terminates_in_a_finite_amount_of_time[Strings]" time="10.004"><failure message="Traceback (most recent call last):&#10;  File &quot;/opt/workspace/build/test_communication/test_publisher_subscriber__rclpy__rmw_opendds_cpp__rmw_fastrtps_cpp_Debug.py&quot;, line 66, in test_subscriber_terminates_in_a_finite_amount_of_time&#10;    proc_info.assertWaitForShutdown(process=subscriber_process, timeout=10)&#10;  File &quot;/opt/ros/foxy/lib/python3.8/site-packages/launch_testing/proc_info_handler.py&quot;, line 144, in assertWaitForShutdown&#10;    assert success, &quot;Timed out waiting for process '{}' to finish&quot;.format(process)&#10;AssertionError: Timed out waiting for process '&lt;launch.actions.execute_process.ExecuteProcess object at 0x7f27dad42460&gt;' to finish&#10;" /></testcase><testcase classname="test_communication.TestPublisherSubscriberAfterShutdown" name="test_processes_finished_gracefully[Strings]" time="0.002"><failure message="Traceback (most recent call last):&#10;  File &quot;/opt/workspace/build/test_communication/test_publisher_subscriber__rclpy__rmw_opendds_cpp__rmw_fastrtps_cpp_Debug.py&quot;, line 79, in test_processes_finished_gracefully&#10;    launch_testing.asserts.assertExitCodes(&#10;  File &quot;/opt/ros/foxy/lib/python3.8/site-packages/launch_testing/asserts/assert_exit_codes.py&quot;, line 62, in assertExitCodes&#10;    assert info.returncode in allowable_exit_codes, 'Proc {} exited with code {}'.format(&#10;AssertionError: Proc test_publisher-19 exited with code -11&#10;" /></testcase></testsuite><testsuite name="test_communication.test_publisher_subscriber__rclpy__rmw_opendds_cpp__rmw_fastrtps_cpp_Debug.launch_tests[UnboundedSequences]" tests="2" failures="2" errors="0" skipped="0" time="10.008"><testcase classname="test_communication.TestPublisherSubscriber" name="test_subscriber_terminates_in_a_finite_amount_of_time[UnboundedSequences]" time="10.005"><failure message="Traceback (most recent call last):&#10;  File &quot;/opt/workspace/build/test_communication/test_publisher_subscriber__rclpy__rmw_opendds_cpp__rmw_fastrtps_cpp_Debug.py&quot;, line 66, in test_subscriber_terminates_in_a_finite_amount_of_time&#10;    proc_info.assertWaitForShutdown(process=subscriber_process, timeout=10)&#10;  File &quot;/opt/ros/foxy/lib/python3.8/site-packages/launch_testing/proc_info_handler.py&quot;, line 144, in assertWaitForShutdown&#10;    assert success, &quot;Timed out waiting for process '{}' to finish&quot;.format(process)&#10;AssertionError: Timed out waiting for process '&lt;launch.actions.execute_process.ExecuteProcess object at 0x7f27dad67a30&gt;' to finish&#10;" /></testcase><testcase classname="test_communication.TestPublisherSubscriberAfterShutdown" name="test_processes_finished_gracefully[UnboundedSequences]" time="0.003"><failure message="Traceback (most recent call last):&#10;  File &quot;/opt/workspace/build/test_communication/test_publisher_subscriber__rclpy__rmw_opendds_cpp__rmw_fastrtps_cpp_Debug.py&quot;, line 79, in test_processes_finished_gracefully&#10;    launch_testing.asserts.assertExitCodes(&#10;  File &quot;/opt/ros/foxy/lib/python3.8/site-packages/launch_testing/asserts/assert_exit_codes.py&quot;, line 62, in assertExitCodes&#10;    assert info.returncode in allowable_exit_codes, 'Proc {} exited with code {}'.format(&#10;AssertionError: Proc test_publisher-21 exited with code -11&#10;" /></testcase></testsuite><testsuite name="test_communication.test_publisher_subscriber__rclpy__rmw_opendds_cpp__rmw_fastrtps_cpp_Debug.launch_tests[WStrings]" tests="2" failures="2" errors="0" skipped="0" time="10.007"><testcase classname="test_communication.TestPublisherSubscriber" name="test_subscriber_terminates_in_a_finite_amount_of_time[WStrings]" time="10.005"><failure message="Traceback (most recent call last):&#10;  File &quot;/opt/workspace/build/test_communication/test_publisher_subscriber__rclpy__rmw_opendds_cpp__rmw_fastrtps_cpp_Debug.py&quot;, line 66, in test_subscriber_terminates_in_a_finite_amount_of_time&#10;    proc_info.assertWaitForShutdown(process=subscriber_process, timeout=10)&#10;  File &quot;/opt/ros/foxy/lib/python3.8/site-packages/launch_testing/proc_info_handler.py&quot;, line 144, in assertWaitForShutdown&#10;    assert success, &quot;Timed out waiting for process '{}' to finish&quot;.format(process)&#10;AssertionError: Timed out waiting for process '&lt;launch.actions.execute_process.ExecuteProcess object at 0x7f27dad0c2b0&gt;' to finish&#10;" /></testcase><testcase classname="test_communication.TestPublisherSubscriberAfterShutdown" name="test_processes_finished_gracefully[WStrings]" time="0.002"><failure message="Traceback (most recent call last):&#10;  File &quot;/opt/workspace/build/test_communication/test_publisher_subscriber__rclpy__rmw_opendds_cpp__rmw_fastrtps_cpp_Debug.py&quot;, line 79, in test_processes_finished_gracefully&#10;    launch_testing.asserts.assertExitCodes(&#10;  File &quot;/opt/ros/foxy/lib/python3.8/site-packages/launch_testing/asserts/assert_exit_codes.py&quot;, line 62, in assertExitCodes&#10;    assert info.returncode in allowable_exit_codes, 'Proc {} exited with code {}'.format(&#10;AssertionError: Proc test_publisher-23 exited with code -11&#10;" /></testcase></testsuite></testsuites>